Virtual User Script started at: 22.01.2023 0:05:11
Starting action vuser_init.
Web Turbo Replay of LoadRunner 2021.0.0 for Windows 10; build 430 (џэт 05 2021 19:27:22)  	[MsgId: MMSG-26983]
Run mode: HTML  	[MsgId: MMSG-26993]
Replay user agent: Mozilla/5.0 (Windows NT 10.0; Win64; x64) AppleWebKit/537.36 (KHTML, like Gecko) Chrome/109.0.0.0 Safari/537.36  	[MsgId: MMSG-26988]
Runtime Settings file: "C:\Users\edwpo\courseLT\Scripts\UC6_LookingBooking\\default.cfg"  	[MsgId: MMSG-27141]
Ending action vuser_init.
Running Vuser...
Starting iteration 1.
Maximum number of concurrent connections per server: 6  	[MsgId: MMSG-26989]
Starting action Action.
Action.c(3): Notify: Transaction "UC6_LookingBooking" started.
Action.c(5): Notify: Transaction "open_sight" started.
Action.c(7): web_reg_find started  	[MsgId: MMSG-26355]
Action.c(7): Registering web_reg_find was successful  	[MsgId: MMSG-26390]
Action.c(12): web_set_sockets_option started  	[MsgId: MMSG-26355]
Action.c(12): web_set_sockets_option was successful  	[MsgId: MMSG-26392]
Action.c(14): web_add_header("Sec-Fetch-Site") started  	[MsgId: MMSG-26355]
Action.c(14): web_add_header("Sec-Fetch-Site") was successful  	[MsgId: MMSG-26392]
Action.c(17): web_add_header("Sec-Fetch-Dest") started  	[MsgId: MMSG-26355]
Action.c(17): web_add_header("Sec-Fetch-Dest") was successful  	[MsgId: MMSG-26392]
Action.c(20): web_add_auto_header("Sec-Fetch-Mode") started  	[MsgId: MMSG-26355]
Action.c(20): web_add_auto_header("Sec-Fetch-Mode") was successful  	[MsgId: MMSG-26392]
Action.c(23): web_add_header("Sec-Fetch-User") started  	[MsgId: MMSG-26355]
Action.c(23): web_add_header("Sec-Fetch-User") was successful  	[MsgId: MMSG-26392]
Action.c(26): web_add_auto_header("Upgrade-Insecure-Requests") started  	[MsgId: MMSG-26355]
Action.c(26): web_add_auto_header("Upgrade-Insecure-Requests") was successful  	[MsgId: MMSG-26392]
Action.c(29): web_add_auto_header("sec-ch-ua") started  	[MsgId: MMSG-26355]
Action.c(29): web_add_auto_header("sec-ch-ua") was successful  	[MsgId: MMSG-26392]
Action.c(32): web_add_auto_header("sec-ch-ua-mobile") started  	[MsgId: MMSG-26355]
Action.c(32): web_add_auto_header("sec-ch-ua-mobile") was successful  	[MsgId: MMSG-26392]
Action.c(35): web_add_auto_header("sec-ch-ua-platform") started  	[MsgId: MMSG-26355]
Action.c(35): web_add_auto_header("sec-ch-ua-platform") was successful  	[MsgId: MMSG-26392]
Action.c(38): web_url("WebTours") started  	[MsgId: MMSG-26355]
Action.c(38): Detected non-resource "http://localhost:1080/WebTours/header.html" in "http://localhost:1080/WebTours/"  	[MsgId: MMSG-26574]
Action.c(38): Detected non-resource "http://localhost:1080/cgi-bin/welcome.pl?signOff=true" in "http://localhost:1080/WebTours/"  	[MsgId: MMSG-26574]
Action.c(38): Found resource "http://localhost:1080/WebTours/images/hp_logo.png" in HTML "http://localhost:1080/WebTours/header.html"  	[MsgId: MMSG-26659]
Action.c(38): Found resource "http://localhost:1080/WebTours/images/webtours.png" in HTML "http://localhost:1080/WebTours/header.html"  	[MsgId: MMSG-26659]
Action.c(38): Detected non-resource "http://localhost:1080/cgi-bin/nav.pl?in=home" in "http://localhost:1080/cgi-bin/welcome.pl?signOff=true"  	[MsgId: MMSG-26574]
Action.c(38): Detected non-resource "http://localhost:1080/WebTours/home.html" in "http://localhost:1080/cgi-bin/welcome.pl?signOff=true"  	[MsgId: MMSG-26574]
Action.c(38): Found resource "http://localhost:1080/WebTours/images/mer_login.gif" in HTML "http://localhost:1080/cgi-bin/nav.pl?in=home"  	[MsgId: MMSG-26659]
Action.c(38): Registered web_reg_find successful for "Text=Welcome to the Web Tours site." (count=1)  	[MsgId: MMSG-26364]
Action.c(38): web_url("WebTours") was successful, 10080 body bytes, 2373 header bytes, 24 chunking overhead bytes  	[MsgId: MMSG-26385]
Action.c(46): web_add_auto_header("Sec-Fetch-Dest") started  	[MsgId: MMSG-26355]
Action.c(46): web_add_auto_header("Sec-Fetch-Dest") was successful  	[MsgId: MMSG-26392]
Action.c(49): web_add_auto_header("Sec-Fetch-Site") started  	[MsgId: MMSG-26355]
Action.c(49): web_add_auto_header("Sec-Fetch-Site") was successful  	[MsgId: MMSG-26392]
Action.c(52): web_url("header.html") started  	[MsgId: MMSG-26355]
Action.c(52): Retrieving data from cache for "http://localhost:1080/WebTours/header.html"  	[MsgId: MMSG-26558]
Action.c(52): Resource "http://localhost:1080/WebTours/images/hp_logo.png" is in the cache already and will not be downloaded again  	[MsgId: MMSG-26655]
Action.c(52): Resource "http://localhost:1080/WebTours/images/webtours.png" is in the cache already and will not be downloaded again  	[MsgId: MMSG-26655]
Action.c(52): web_url("header.html") was successful, 0 body bytes, 0 header bytes  	[MsgId: MMSG-26386]
Action.c(60): web_remove_auto_header("Upgrade-Insecure-Requests") started  	[MsgId: MMSG-26355]
Action.c(60): Previous automatically added web header for "Upgrade-Insecure-Requests" removed  	[MsgId: MMSG-26587]
Action.c(60): web_remove/revert_auto_header("Upgrade-Insecure-Requests") was successful  	[MsgId: MMSG-26392]
Action.c(62): web_add_auto_header("Upgrade-Insecure-Requests") started  	[MsgId: MMSG-26355]
Action.c(62): web_add_auto_header("Upgrade-Insecure-Requests") was successful  	[MsgId: MMSG-26392]
Action.c(65): web_url("welcome.pl") started  	[MsgId: MMSG-26355]
Action.c(65): Detected non-resource "http://localhost:1080/cgi-bin/nav.pl?in=home" in "http://localhost:1080/cgi-bin/welcome.pl?signOff=true"  	[MsgId: MMSG-26574]
Action.c(65): Detected non-resource "http://localhost:1080/WebTours/home.html" in "http://localhost:1080/cgi-bin/welcome.pl?signOff=true"  	[MsgId: MMSG-26574]
Action.c(65): Retrieving data from cache for "http://localhost:1080/WebTours/home.html"  	[MsgId: MMSG-26558]
Action.c(65): Resource "http://localhost:1080/WebTours/images/mer_login.gif" is in the cache already and will not be downloaded again  	[MsgId: MMSG-26655]
Action.c(65): web_url("welcome.pl") was successful, 2176 body bytes, 582 header bytes, 24 chunking overhead bytes  	[MsgId: MMSG-26385]
Action.c(74): Notify: Transaction "open_sight" ended with a "Pass" status (Duration: 0.5875 Wasted Time: 0.1063).
Action.c(77): web_set_sockets_option started  	[MsgId: MMSG-26355]
Action.c(77): web_set_sockets_option was successful  	[MsgId: MMSG-26392]
Action.c(79): web_add_auto_header("Sec-Fetch-Dest") started  	[MsgId: MMSG-26355]
Action.c(79): web_add_auto_header("Sec-Fetch-Dest") was successful  	[MsgId: MMSG-26392]
Action.c(82): web_add_auto_header("Sec-Fetch-Mode") started  	[MsgId: MMSG-26355]
Action.c(82): web_add_auto_header("Sec-Fetch-Mode") was successful  	[MsgId: MMSG-26392]
Action.c(85): web_add_auto_header("Sec-Fetch-Site") started  	[MsgId: MMSG-26355]
Action.c(85): web_add_auto_header("Sec-Fetch-Site") was successful  	[MsgId: MMSG-26392]
Action.c(88): web_add_auto_header("Upgrade-Insecure-Requests") started  	[MsgId: MMSG-26355]
Action.c(88): web_add_auto_header("Upgrade-Insecure-Requests") was successful  	[MsgId: MMSG-26392]
Action.c(91): web_add_auto_header("sec-ch-ua") started  	[MsgId: MMSG-26355]
Action.c(91): web_add_auto_header("sec-ch-ua") was successful  	[MsgId: MMSG-26392]
Action.c(94): web_add_auto_header("sec-ch-ua-mobile") started  	[MsgId: MMSG-26355]
Action.c(94): web_add_auto_header("sec-ch-ua-mobile") was successful  	[MsgId: MMSG-26392]
Action.c(97): web_add_auto_header("sec-ch-ua-platform") started  	[MsgId: MMSG-26355]
Action.c(97): web_add_auto_header("sec-ch-ua-platform") was successful  	[MsgId: MMSG-26392]
Action.c(100): web_url("welcome.pl") started  	[MsgId: MMSG-26355]
Action.c(100): Detected non-resource "http://localhost:1080/cgi-bin/nav.pl?in=home" in "http://localhost:1080/cgi-bin/welcome.pl?signOff=true"  	[MsgId: MMSG-26574]
Action.c(100): Detected non-resource "http://localhost:1080/WebTours/home.html" in "http://localhost:1080/cgi-bin/welcome.pl?signOff=true"  	[MsgId: MMSG-26574]
Action.c(100): Retrieving data from cache for "http://localhost:1080/WebTours/home.html"  	[MsgId: MMSG-26558]
Action.c(100): Resource "http://localhost:1080/WebTours/images/mer_login.gif" is in the cache already and will not be downloaded again  	[MsgId: MMSG-26655]
Action.c(100): web_url("welcome.pl") was successful, 2165 body bytes, 582 header bytes, 24 chunking overhead bytes  	[MsgId: MMSG-26385]
Action.c(109): Notify: Transaction "login" started.
Action.c(111): web_reg_find started  	[MsgId: MMSG-26355]
Action.c(111): Registering web_reg_find was successful  	[MsgId: MMSG-26390]
Action.c(116): web_add_header("Origin") started  	[MsgId: MMSG-26355]
Action.c(116): web_add_header("Origin") was successful  	[MsgId: MMSG-26392]
Action.c(119): web_add_auto_header("Sec-Fetch-User") started  	[MsgId: MMSG-26355]
Action.c(119): web_add_auto_header("Sec-Fetch-User") was successful  	[MsgId: MMSG-26392]
Action.c(122): Think time - Waiting 5.00 seconds (according to limit).
Action.c(122): lr_think_time: 5.00 seconds (recorded think time was 7.00 seconds).
Action.c(124): web_submit_form("login.pl") started  	[MsgId: MMSG-26355]
Action.c(124): Submitting form to "http://localhost:1080/cgi-bin/login.pl", Target Frame="body"  	[MsgId: MMSG-27978]
Action.c(124): Detected non-resource "http://localhost:1080/cgi-bin/nav.pl?page=menu&in=home" in "http://localhost:1080/cgi-bin/login.pl"  	[MsgId: MMSG-26574]
Action.c(124): Detected non-resource "http://localhost:1080/cgi-bin/login.pl?intro=true" in "http://localhost:1080/cgi-bin/login.pl"  	[MsgId: MMSG-26574]
Action.c(124): Found resource "http://localhost:1080/WebTours/images/flights.gif" in HTML "http://localhost:1080/cgi-bin/nav.pl?page=menu&in=home"  	[MsgId: MMSG-26659]
Action.c(124): Found resource "http://localhost:1080/WebTours/images/itinerary.gif" in HTML "http://localhost:1080/cgi-bin/nav.pl?page=menu&in=home"  	[MsgId: MMSG-26659]
Action.c(124): Found resource "http://localhost:1080/WebTours/images/in_home.gif" in HTML "http://localhost:1080/cgi-bin/nav.pl?page=menu&in=home"  	[MsgId: MMSG-26659]
Action.c(124): Found resource "http://localhost:1080/WebTours/images/signoff.gif" in HTML "http://localhost:1080/cgi-bin/nav.pl?page=menu&in=home"  	[MsgId: MMSG-26659]
Action.c(124): Registered web_reg_find successful for "Text=Welcome, <b>jojo</b>, to the Web Tours reservation pages." (count=1)  	[MsgId: MMSG-26364]
Action.c(124): web_submit_form("login.pl") was successful, 5779 body bytes, 2034 header bytes, 36 chunking overhead bytes  	[MsgId: MMSG-26385]
Action.c(131): Notify: Transaction "login" ended with a "Pass" status (Duration: 5.3428 Think Time: 5.0104 Wasted Time: 0.0089).
Action.c(133): Notify: Transaction "itinerary" started.
Action.c(135): web_remove_auto_header("Sec-Fetch-User") started  	[MsgId: MMSG-26355]
Action.c(135): Previous automatically added web header for "Sec-Fetch-User" removed  	[MsgId: MMSG-26587]
Action.c(135): web_remove/revert_auto_header("Sec-Fetch-User") was successful  	[MsgId: MMSG-26392]
Action.c(137): Think time - Waiting 5.00 seconds (according to limit).
Action.c(137): lr_think_time: 5.00 seconds (recorded think time was 6.00 seconds).
Action.c(139): web_image("Itinerary Button") started  	[MsgId: MMSG-26355]
Action.c(139): Image-linking to "http://localhost:1080/cgi-bin/welcome.pl?page=itinerary", Target Frame="body"  	[MsgId: MMSG-27993]
Action.c(139): Detected non-resource "http://localhost:1080/cgi-bin/nav.pl?page=menu&in=itinerary" in "http://localhost:1080/cgi-bin/welcome.pl?page=itinerary"  	[MsgId: MMSG-26574]
Action.c(139): Detected non-resource "http://localhost:1080/cgi-bin/itinerary.pl" in "http://localhost:1080/cgi-bin/welcome.pl?page=itinerary"  	[MsgId: MMSG-26574]
Action.c(139): Resource "http://localhost:1080/WebTours/images/flights.gif" is in the cache already and will not be downloaded again  	[MsgId: MMSG-26655]
Action.c(139): Found resource "http://localhost:1080/WebTours/images/in_itinerary.gif" in HTML "http://localhost:1080/cgi-bin/nav.pl?page=menu&in=itinerary"  	[MsgId: MMSG-26659]
Action.c(139): Found resource "http://localhost:1080/WebTours/images/home.gif" in HTML "http://localhost:1080/cgi-bin/nav.pl?page=menu&in=itinerary"  	[MsgId: MMSG-26659]
Action.c(139): Resource "http://localhost:1080/WebTours/images/signoff.gif" is in the cache already and will not be downloaded again  	[MsgId: MMSG-26655]
Action.c(139): Found resource "http://localhost:1080/WebTours/images/cancelreservation.gif" in HTML "http://localhost:1080/cgi-bin/itinerary.pl"  	[MsgId: MMSG-26659]
Action.c(139): Found resource "http://localhost:1080/WebTours/images/cancelallreservations.gif" in HTML "http://localhost:1080/cgi-bin/itinerary.pl"  	[MsgId: MMSG-26659]
Action.c(139): web_image("Itinerary Button") was successful, 15962 body bytes, 1919 header bytes, 51 chunking overhead bytes  	[MsgId: MMSG-26385]
Action.c(144): Notify: Transaction "itinerary" ended with a "Pass" status (Duration: 5.2961 Think Time: 5.0106 Wasted Time: 0.0073).
Action.c(147): Notify: Transaction "logout" started.
Action.c(149): web_reg_find started  	[MsgId: MMSG-26355]
Action.c(149): Registering web_reg_find was successful  	[MsgId: MMSG-26390]
Action.c(154): web_remove_auto_header("Sec-Fetch-User") started  	[MsgId: MMSG-26355]
Action.c(154): Warning -26590: web_remove/revert_auto_header for "Sec-Fetch-User" had no effect  	[MsgId: MWAR-26590]
Action.c(154): web_remove/revert_auto_header("Sec-Fetch-User") highest severity level was "warning"  	[MsgId: MMSG-26391]
Action.c(156): web_add_header("Upgrade-Insecure-Requests") started  	[MsgId: MMSG-26355]
Action.c(156): web_add_header("Upgrade-Insecure-Requests") was successful  	[MsgId: MMSG-26392]
Action.c(159): lr_think_time: 3.00 seconds.
Action.c(161): web_image("SignOff Button") started  	[MsgId: MMSG-26355]
Action.c(161): Image-linking to "http://localhost:1080/cgi-bin/welcome.pl?signOff=1", Target Frame="body"  	[MsgId: MMSG-27993]
Action.c(161): Detected non-resource "http://localhost:1080/cgi-bin/nav.pl?in=home" in "http://localhost:1080/cgi-bin/welcome.pl?signOff=1"  	[MsgId: MMSG-26574]
Action.c(161): Detected non-resource "http://localhost:1080/WebTours/home.html" in "http://localhost:1080/cgi-bin/welcome.pl?signOff=1"  	[MsgId: MMSG-26574]
Action.c(161): Retrieving data from cache for "http://localhost:1080/WebTours/home.html"  	[MsgId: MMSG-26558]
Action.c(161): Resource "http://localhost:1080/WebTours/images/mer_login.gif" is in the cache already and will not be downloaded again  	[MsgId: MMSG-26655]
Action.c(161): Registered web_reg_find successful for "Text=Welcome to the Web Tours site." (count=1)  	[MsgId: MMSG-26364]
Action.c(161): web_image("SignOff Button") was successful, 2175 body bytes, 582 header bytes, 24 chunking overhead bytes  	[MsgId: MMSG-26385]
Action.c(166): Notify: Transaction "logout" ended with a "Pass" status (Duration: 3.2620 Think Time: 3.0080 Wasted Time: 0.0053).
Action.c(169): Notify: Transaction "UC6_LookingBooking" ended with a "Pass" status (Duration: 14.8224 Think Time: 13.0291 Wasted Time: 0.1330).
Ending action Action.
Ending iteration 1.
Ending Vuser...
Starting action vuser_end.
Ending action vuser_end.
Vuser Terminated.
