Action.c(133): Notify: Transaction "Itinerary" started.	[MsgId: MMSG-16999]
Action.c(136): web_reg_find started  	[MsgId: MMSG-26355]
Action.c(136): Registering web_reg_find was successful  	[MsgId: MMSG-26390]
Action.c(140): web_reg_save_param started  	[MsgId: MMSG-26355]
Action.c(140): Registering web_reg_save_param was successful  	[MsgId: MMSG-26390]
Action.c(145): web_remove_auto_header("Sec-Fetch-User") started  	[MsgId: MMSG-26355]
Action.c(145): Previous automatically added web header for "Sec-Fetch-User" removed  	[MsgId: MMSG-26587]
Action.c(145): web_remove/revert_auto_header("Sec-Fetch-User") was successful  	[MsgId: MMSG-26392]
Action.c(147): Think time - Waiting 5,00 seconds (according to limit).	[MsgId: MMSG-15946]
Action.c(147): lr_think_time: 5,00 seconds (recorded think time was 6,00 seconds).	[MsgId: MMSG-15947]
Action.c(149): web_image("Itinerary Button") started  	[MsgId: MMSG-26355]
Action.c(149): Image-linking to "http://localhost:1080/cgi-bin/welcome.pl?page=itinerary", Target Frame="body"  	[MsgId: MMSG-27993]
Action.c(149): Detected non-resource "http://localhost:1080/cgi-bin/nav.pl?page=menu&in=itinerary" in "http://localhost:1080/cgi-bin/welcome.pl?page=itinerary"  	[MsgId: MMSG-26574]
Action.c(149): Detected non-resource "http://localhost:1080/cgi-bin/itinerary.pl" in "http://localhost:1080/cgi-bin/welcome.pl?page=itinerary"  	[MsgId: MMSG-26574]
Action.c(149): Resource "http://localhost:1080/WebTours/images/flights.gif" is in the cache already and will not be downloaded again  	[MsgId: MMSG-26655]
Action.c(149): Found resource "http://localhost:1080/WebTours/images/in_itinerary.gif" in HTML "http://localhost:1080/cgi-bin/nav.pl?page=menu&in=itinerary"  	[MsgId: MMSG-26659]
Action.c(149): Found resource "http://localhost:1080/WebTours/images/home.gif" in HTML "http://localhost:1080/cgi-bin/nav.pl?page=menu&in=itinerary"  	[MsgId: MMSG-26659]
Action.c(149): Resource "http://localhost:1080/WebTours/images/signoff.gif" is in the cache already and will not be downloaded again  	[MsgId: MMSG-26655]
Action.c(149): Found resource "http://localhost:1080/WebTours/images/cancelreservation.gif" in HTML "http://localhost:1080/cgi-bin/itinerary.pl"  	[MsgId: MMSG-26659]
Action.c(149): Found resource "http://localhost:1080/WebTours/images/cancelallreservations.gif" in HTML "http://localhost:1080/cgi-bin/itinerary.pl"  	[MsgId: MMSG-26659]
Action.c(149): Registered web_reg_find successful for "Text=No flights have been reserved"  	[MsgId: MMSG-26362]
Action.c(149): web_image("Itinerary Button") was successful, 79410 body bytes, 1919 header bytes, 179 chunking overhead bytes  	[MsgId: MMSG-26385]
Action.c(154): Notify: Transaction "Itinerary" ended with a "Pass" status (Duration: 5,1698 Think Time: 5,0132 Wasted Time: 0,0004).	[MsgId: MMSG-16870]
noFlights=0	[MsgId: MMSG-17999]
Action.c(173): Notify: Transaction "delete" started.	[MsgId: MMSG-16999]
Action.c(175): web_reg_save_param started  	[MsgId: MMSG-26355]
Action.c(175): Registering web_reg_save_param was successful  	[MsgId: MMSG-26390]
Action.c(187): web_add_header("Origin") started  	[MsgId: MMSG-26355]
Action.c(187): web_add_header("Origin") was successful  	[MsgId: MMSG-26392]
Action.c(190): web_add_header("Sec-Fetch-User") started  	[MsgId: MMSG-26355]
Action.c(190): web_add_header("Sec-Fetch-User") was successful  	[MsgId: MMSG-26392]
Action.c(193): lr_think_time: 5,00 seconds.	[MsgId: MMSG-15948]
Action.c(195): web_submit_form("itinerary.pl") started  	[MsgId: MMSG-26355]
Action.c(195): Submitting form to "http://localhost:1080/cgi-bin/itinerary.pl", Target Frame=""  	[MsgId: MMSG-27978]
Action.c(195): Error -26377: No match found for the requested parameter "numFlightsAfter". Either the specified boundaries were not found in the response or the matched text is longer than current max html parameter size of 256 bytes. The total length of the response is 932 bytes. You can use "web_set_max_html_param_len" to increase the max parameter size.  	[MsgId: MERR-26377]
End auto log messages stack.	[MsgId: MMSG-10544]


